<?xml version="1.0" encoding="UTF-8"?>
<!-- Generated by org.testng.reporters.JUnitXMLReporter -->
<testsuite ignored="0" hostname="WINDOWS-5BDT70H" failures="0" tests="3" name="Command line test" time="30.145" errors="0" timestamp="2020-08-19T18:45:56 ICT">
  <testcase classname="api.tests.APITest" name="getContentPostId" time="4.726"/>
  <testcase classname="ui.tests.Tests" name="verifySortedByFirstName" time="11.236"/>
  <testcase classname="ui.tests.Tests" name="verifyFilerInactiveStatus" time="6.269"/>
</testsuite> <!-- Command line test -->
