<?xml version="1.0" encoding="UTF-8"?>
<!-- Generated by org.testng.reporters.JUnitXMLReporter -->
<testsuite ignored="0" hostname="WINDOWS-5BDT70H" failures="0" tests="3" name="Command line test" time="28.764" errors="0" timestamp="2020-08-20T14:19:47 ICT">
  <testcase classname="api.tests.APITest" name="getContentPostId" time="3.844"/>
  <testcase classname="ui.tests.Tests" name="verifySortedByFirstName" time="10.912"/>
  <testcase classname="ui.tests.Tests" name="verifyFilerInactiveStatus" time="5.833"/>
</testsuite> <!-- Command line test -->
